app/build/outputs/logs/manifest-merger-fdroid-release-report.txt
-- Merging decision tree log ---
manifest
ADDED from src/main/AndroidManifest.xml:2:1-120:12
	package
		ADDED from src/main/AndroidManifest.xml:2:11-47
		INJECTED from src/main/AndroidManifest.xml
		INJECTED from src/main/AndroidManifest.xml
	android:versionName
		INJECTED from src/main/AndroidManifest.xml
		INJECTED from src/main/AndroidManifest.xml
	android:vmSafeMode
		ADDED from src/main/AndroidManifest.xml:5:11-37
	xmlns:android
		ADDED from src/main/AndroidManifest.xml:3:11-69
	android:versionCode
		INJECTED from src/main/AndroidManifest.xml
		INJECTED from src/main/AndroidManifest.xml
	android:installLocation
		ADDED from src/main/AndroidManifest.xml:4:11-41
uses-permission#android.permission.ACCESS_FINE_LOCATION
ADDED from src/main/AndroidManifest.xml:7:5-78
	android:name
		ADDED from src/main/AndroidManifest.xml:7:22-76
uses-permission#android.permission.WAKE_LOCK
ADDED from src/main/AndroidManifest.xml:8:5-67
MERGED from [com.google.firebase:firebase-analytics:9.0.0] AndroidManifest.xml:24:5-67
MERGED from [com.google.firebase:firebase-analytics-impl:9.0.0] AndroidManifest.xml:24:5-67
MERGED from [com.google.firebase:firebase-iid:9.0.0] AndroidManifest.xml:22:5-68
	android:name
		ADDED from src/main/AndroidManifest.xml:8:22-65
uses-permission#android.permission.WRITE_SETTINGS
ADDED from src/main/AndroidManifest.xml:9:5-72
	android:name
		ADDED from src/main/AndroidManifest.xml:9:22-70
uses-permission#android.permission.INTERNET
ADDED from src/main/AndroidManifest.xml:10:5-66
MERGED from [com.google.firebase:firebase-analytics:9.0.0] AndroidManifest.xml:21:5-67
MERGED from [com.google.firebase:firebase-analytics-impl:9.0.0] AndroidManifest.xml:21:5-67
MERGED from [com.google.firebase:firebase-iid:9.0.0] AndroidManifest.xml:21:5-67
	android:name
		ADDED from src/main/AndroidManifest.xml:10:22-64
uses-permission#android.permission.READ_EXTERNAL_STORAGE
ADDED from src/main/AndroidManifest.xml:11:5-80
	android:name
		ADDED from src/main/AndroidManifest.xml:11:22-77
uses-permission#android.permission.ACCESS_NETWORK_STATE
ADDED from src/main/AndroidManifest.xml:13:5-78
MERGED from [com.google.firebase:firebase-analytics:9.0.0] AndroidManifest.xml:22:5-79
MERGED from [com.google.firebase:firebase-analytics-impl:9.0.0] AndroidManifest.xml:22:5-79
MERGED from [com.google.firebase:firebase-iid:9.0.0] AndroidManifest.xml:20:5-79
	android:name
		ADDED from src/main/AndroidManifest.xml:13:22-76
uses-sdk
ADDED from src/main/AndroidManifest.xml:15:5-73
MERGED from [com.google.firebase:firebase-core:9.0.0] AndroidManifest.xml:4:5-42
MERGED from [com.google.firebase:firebase-analytics:9.0.0] AndroidManifest.xml:18:5-42
MERGED from [com.google.firebase:firebase-analytics-impl:9.0.0] AndroidManifest.xml:18:5-42
MERGED from [com.google.android.gms:play-services-base:9.0.0] AndroidManifest.xml:18:5-42
MERGED from [com.google.firebase:firebase-iid:9.0.0] AndroidManifest.xml:18:5-42
MERGED from [com.google.firebase:firebase-common:9.0.0] AndroidManifest.xml:4:5-43
MERGED from [com.google.android.gms:play-services-tasks:9.0.0] AndroidManifest.xml:4:5-43
MERGED from [com.google.android.gms:play-services-basement:9.0.0] AndroidManifest.xml:18:5-42
MERGED from [com.android.support:support-v4:24.0.0] AndroidManifest.xml:21:5-23:54
	tools:overrideLibrary
		ADDED from [com.android.support:support-v4:24.0.0] AndroidManifest.xml:23:9-51
	android:targetSdkVersion
		ADDED from src/main/AndroidManifest.xml:15:42-71
		INJECTED from src/main/AndroidManifest.xml
		INJECTED from src/main/AndroidManifest.xml
	android:minSdkVersion
		ADDED from src/main/AndroidManifest.xml:15:15-41
		INJECTED from src/main/AndroidManifest.xml
		INJECTED from src/main/AndroidManifest.xml
uses-feature#0x00020000
ADDED from src/main/AndroidManifest.xml:18:5-78
	android:glEsVersion
		ADDED from src/main/AndroidManifest.xml:18:19-51
	android:required
		ADDED from src/main/AndroidManifest.xml:18:52-75
uses-feature#android.hardware.location.gps
ADDED from src/main/AndroidManifest.xml:21:5-23:35
	android:required
		ADDED from src/main/AndroidManifest.xml:23:9-33
	android:name
		ADDED from src/main/AndroidManifest.xml:22:9-53
uses-feature#android.hardware.sensor.accelerometer
ADDED from src/main/AndroidManifest.xml:28:5-30:35
	android:required
		ADDED from src/main/AndroidManifest.xml:30:9-33
	android:name
		ADDED from src/main/AndroidManifest.xml:29:9-61
uses-feature#android.hardware.sensor.compass
ADDED from src/main/AndroidManifest.xml:31:5-33:35
	android:required
		ADDED from src/main/AndroidManifest.xml:33:9-33
	android:name
		ADDED from src/main/AndroidManifest.xml:32:9-55
uses-feature#android.hardware.faketouch
ADDED from src/main/AndroidManifest.xml:34:5-36:35
	android:required
		ADDED from src/main/AndroidManifest.xml:36:9-33
	android:name
		ADDED from src/main/AndroidManifest.xml:35:9-50
uses-feature#android.hardware.faketouch.multitouch.distinct
ADDED from src/main/AndroidManifest.xml:37:5-39:35
	android:required
		ADDED from src/main/AndroidManifest.xml:39:9-33
	android:name
		ADDED from src/main/AndroidManifest.xml:38:9-70
uses-feature#android.hardware.touchscreen
ADDED from src/main/AndroidManifest.xml:40:5-42:35
	android:required
		ADDED from src/main/AndroidManifest.xml:42:9-33
	android:name
		ADDED from src/main/AndroidManifest.xml:41:9-52
uses-feature#android.hardware.touchscreen.multitouch.distinct
ADDED from src/main/AndroidManifest.xml:43:5-45:35
	android:required
		ADDED from src/main/AndroidManifest.xml:45:9-33
	android:name
		ADDED from src/main/AndroidManifest.xml:44:9-72
supports-screens
ADDED from src/main/AndroidManifest.xml:47:5-52:39
	android:largeScreens
		ADDED from src/main/AndroidManifest.xml:49:9-36
	android:smallScreens
		ADDED from src/main/AndroidManifest.xml:51:9-36
	android:normalScreens
		ADDED from src/main/AndroidManifest.xml:50:9-37
	android:xlargeScreens
		ADDED from src/main/AndroidManifest.xml:52:9-37
	android:anyDensity
		ADDED from src/main/AndroidManifest.xml:48:9-34
application
ADDED from src/main/AndroidManifest.xml:54:5-118:19
MERGED from [com.google.firebase:firebase-core:9.0.0] AndroidManifest.xml:5:5-20
MERGED from [com.google.firebase:firebase-analytics:9.0.0] AndroidManifest.xml:26:5-41:19
MERGED from [com.google.firebase:firebase-analytics-impl:9.0.0] AndroidManifest.xml:26:5-41:19
MERGED from [com.google.android.gms:play-services-base:9.0.0] AndroidManifest.xml:19:5-23:19
MERGED from [com.google.firebase:firebase-iid:9.0.0] AndroidManifest.xml:30:5-59:19
MERGED from [com.google.firebase:firebase-common:9.0.0] AndroidManifest.xml:5:5-12:19
MERGED from [com.google.android.gms:play-services-tasks:9.0.0] AndroidManifest.xml:5:5-20
MERGED from [com.google.android.gms:play-services-basement:9.0.0] AndroidManifest.xml:20:5-24:19
MERGED from [com.android.support:support-v4:24.0.0] AndroidManifest.xml:25:5-20
	android:label
		ADDED from src/main/AndroidManifest.xml:57:9-32
	android:icon
		ADDED from src/main/AndroidManifest.xml:56:9-45
	android:theme
		ADDED from src/main/AndroidManifest.xml:58:9-50
	android:name
		ADDED from src/main/AndroidManifest.xml:55:9-45
activity#com.vasa.android.stardroid.activities.SplashScreenActivity
ADDED from src/main/AndroidManifest.xml:59:9-69:20
	android:screenOrientation
		ADDED from src/main/AndroidManifest.xml:62:13-49
	android:label
		ADDED from src/main/AndroidManifest.xml:61:13-36
	android:theme
		ADDED from src/main/AndroidManifest.xml:63:13-77
	android:name
		ADDED from src/main/AndroidManifest.xml:60:13-60
intent-filter#android.intent.action.MAIN+android.intent.category.LAUNCHER
ADDED from src/main/AndroidManifest.xml:64:13-68:29
action#android.intent.action.MAIN
ADDED from src/main/AndroidManifest.xml:65:17-68
	android:name
		ADDED from src/main/AndroidManifest.xml:65:25-66
category#android.intent.category.LAUNCHER
ADDED from src/main/AndroidManifest.xml:67:17-76
	android:name
		ADDED from src/main/AndroidManifest.xml:67:27-74
activity#com.vasa.android.stardroid.activities.DynamicStarMapActivity
ADDED from src/main/AndroidManifest.xml:70:9-89:20
	android:screenOrientation
		ADDED from src/main/AndroidManifest.xml:75:13-49
	android:label
		ADDED from src/main/AndroidManifest.xml:73:13-45
	android:launchMode
		ADDED from src/main/AndroidManifest.xml:74:13-44
	android:configChanges
		ADDED from src/main/AndroidManifest.xml:72:13-63
	android:theme
		ADDED from src/main/AndroidManifest.xml:76:13-51
	android:name
		ADDED from src/main/AndroidManifest.xml:71:13-62
intent-filter#android.intent.action.MAIN+android.intent.action.SEARCH+android.intent.category.DEFAULT+android.intent.category.LAUNCHER
ADDED from src/main/AndroidManifest.xml:77:13-84:29
action#android.intent.action.SEARCH
ADDED from src/main/AndroidManifest.xml:78:17-70
	android:name
		ADDED from src/main/AndroidManifest.xml:78:25-68
category#android.intent.category.DEFAULT
ADDED from src/main/AndroidManifest.xml:80:17-75
	android:name
		ADDED from src/main/AndroidManifest.xml:80:27-73
meta-data#android.app.searchable
ADDED from src/main/AndroidManifest.xml:86:13-88:53
	android:resource
		ADDED from src/main/AndroidManifest.xml:88:17-51
	android:name
		ADDED from src/main/AndroidManifest.xml:87:17-54
activity#com.vasa.android.stardroid.About_the_devloper
ADDED from src/main/AndroidManifest.xml:90:9-65
	android:name
		ADDED from src/main/AndroidManifest.xml:90:19-53
activity#com.vasa.android.stardroid.Our_services
ADDED from src/main/AndroidManifest.xml:91:9-59
	android:name
		ADDED from src/main/AndroidManifest.xml:91:19-47
activity#com.vasa.android.stardroid.Join_us
ADDED from src/main/AndroidManifest.xml:92:9-54
	android:name
		ADDED from src/main/AndroidManifest.xml:92:19-42
activity#com.vasa.android.stardroid.About_us
ADDED from src/main/AndroidManifest.xml:93:9-55
	android:name
		ADDED from src/main/AndroidManifest.xml:93:19-43
activity#com.vasa.android.stardroid.activities.EditSettingsActivity
ADDED from src/main/AndroidManifest.xml:94:9-96:56
	android:theme
		ADDED from src/main/AndroidManifest.xml:96:13-54
	android:name
		ADDED from src/main/AndroidManifest.xml:95:13-60
activity#com.vasa.android.stardroid.activities.ImageGalleryActivity
ADDED from src/main/AndroidManifest.xml:97:9-99:56
	android:theme
		ADDED from src/main/AndroidManifest.xml:99:13-54
	android:name
		ADDED from src/main/AndroidManifest.xml:98:13-60
activity#com.vasa.android.stardroid.activities.ImageDisplayActivity
ADDED from src/main/AndroidManifest.xml:100:9-103:56
	android:screenOrientation
		ADDED from src/main/AndroidManifest.xml:102:13-49
	android:theme
		ADDED from src/main/AndroidManifest.xml:103:13-54
	android:name
		ADDED from src/main/AndroidManifest.xml:101:13-60
activity#com.vasa.android.stardroid.activities.DiagnosticActivity
ADDED from src/main/AndroidManifest.xml:104:9-107:20
	android:label
		ADDED from src/main/AndroidManifest.xml:106:13-62
	android:name
		ADDED from src/main/AndroidManifest.xml:105:13-58
provider#com.vasa.android.stardroid.search.SearchTermsProvider
ADDED from src/main/AndroidManifest.xml:109:9-113:39
	android:authorities
		ADDED from src/main/AndroidManifest.xml:111:13-75
	android:syncable
		ADDED from src/main/AndroidManifest.xml:113:13-37
	android:exported
		ADDED from src/main/AndroidManifest.xml:112:13-37
	android:name
		ADDED from src/main/AndroidManifest.xml:110:13-55
activity#com.vasa.android.stardroid.activities.CompassCalibrationActivity
ADDED from src/main/AndroidManifest.xml:115:9-117:20
	android:launchMode
		ADDED from src/main/AndroidManifest.xml:116:19-49
	android:name
		ADDED from src/main/AndroidManifest.xml:115:19-72
receiver#com.google.android.gms.measurement.AppMeasurementReceiver
ADDED from [com.google.firebase:firebase-analytics:9.0.0] AndroidManifest.xml:28:7-34:18
MERGED from [com.google.firebase:firebase-analytics-impl:9.0.0] AndroidManifest.xml:28:7-34:18
	android:enabled
		ADDED from [com.google.firebase:firebase-analytics:9.0.0] AndroidManifest.xml:30:11-33
	android:name
		ADDED from [com.google.firebase:firebase-analytics:9.0.0] AndroidManifest.xml:29:11-83
intent-filter#com.google.android.gms.measurement.UPLOAD
ADDED from [com.google.firebase:firebase-analytics:9.0.0] AndroidManifest.xml:31:9-33:25
action#com.google.android.gms.measurement.UPLOAD
ADDED from [com.google.firebase:firebase-analytics:9.0.0] AndroidManifest.xml:32:11-77
	android:name
		ADDED from [com.google.firebase:firebase-analytics:9.0.0] AndroidManifest.xml:32:19-75
service#com.google.android.gms.measurement.AppMeasurementService
ADDED from [com.google.firebase:firebase-analytics:9.0.0] AndroidManifest.xml:36:7-39:37
MERGED from [com.google.firebase:firebase-analytics-impl:9.0.0] AndroidManifest.xml:36:7-39:37
	android:enabled
		ADDED from [com.google.firebase:firebase-analytics:9.0.0] AndroidManifest.xml:38:11-33
	android:exported
		ADDED from [com.google.firebase:firebase-analytics:9.0.0] AndroidManifest.xml:39:11-35
	android:name
		ADDED from [com.google.firebase:firebase-analytics:9.0.0] AndroidManifest.xml:37:11-82
activity#com.google.android.gms.common.api.GoogleApiActivity
ADDED from [com.google.android.gms:play-services-base:9.0.0] AndroidManifest.xml:20:9-22:45
	android:exported
		ADDED from [com.google.android.gms:play-services-base:9.0.0] AndroidManifest.xml:22:19-43
	android:theme
		ADDED from [com.google.android.gms:play-services-base:9.0.0] AndroidManifest.xml:21:19-78
	android:name
		ADDED from [com.google.android.gms:play-services-base:9.0.0] AndroidManifest.xml:20:19-85
uses-permission#com.google.android.c2dm.permission.RECEIVE
ADDED from [com.google.firebase:firebase-iid:9.0.0] AndroidManifest.xml:23:5-82
	android:name
		ADDED from [com.google.firebase:firebase-iid:9.0.0] AndroidManifest.xml:23:22-79
permission#${applicationId}.permission.C2D_MESSAGE
ADDED from [com.google.firebase:firebase-iid:9.0.0] AndroidManifest.xml:25:5-26:47
	android:protectionLevel
		ADDED from [com.google.firebase:firebase-iid:9.0.0] AndroidManifest.xml:26:9-44
	android:name
		ADDED from [com.google.firebase:firebase-iid:9.0.0] AndroidManifest.xml:25:17-71
uses-permission#${applicationId}.permission.C2D_MESSAGE
ADDED from [com.google.firebase:firebase-iid:9.0.0] AndroidManifest.xml:28:5-79
	android:name
		ADDED from [com.google.firebase:firebase-iid:9.0.0] AndroidManifest.xml:28:22-76
receiver#com.google.firebase.iid.FirebaseInstanceIdReceiver
ADDED from [com.google.firebase:firebase-iid:9.0.0] AndroidManifest.xml:32:9-41:20
	android:exported
		ADDED from [com.google.firebase:firebase-iid:9.0.0] AndroidManifest.xml:34:13-36
	android:permission
		ADDED from [com.google.firebase:firebase-iid:9.0.0] AndroidManifest.xml:35:13-73
	android:name
		ADDED from [com.google.firebase:firebase-iid:9.0.0] AndroidManifest.xml:33:13-78
intent-filter#${applicationId}+com.google.android.c2dm.intent.RECEIVE+com.google.android.c2dm.intent.REGISTRATION
ADDED from [com.google.firebase:firebase-iid:9.0.0] AndroidManifest.xml:36:13-40:29
action#com.google.android.c2dm.intent.RECEIVE
ADDED from [com.google.firebase:firebase-iid:9.0.0] AndroidManifest.xml:37:17-81
	android:name
		ADDED from [com.google.firebase:firebase-iid:9.0.0] AndroidManifest.xml:37:25-78
action#com.google.android.c2dm.intent.REGISTRATION
ADDED from [com.google.firebase:firebase-iid:9.0.0] AndroidManifest.xml:38:17-86
	android:name
		ADDED from [com.google.firebase:firebase-iid:9.0.0] AndroidManifest.xml:38:25-83
category#${applicationId}
ADDED from [com.google.firebase:firebase-iid:9.0.0] AndroidManifest.xml:39:17-61
	android:name
		ADDED from [com.google.firebase:firebase-iid:9.0.0] AndroidManifest.xml:39:27-58
receiver#com.google.firebase.iid.FirebaseInstanceIdInternalReceiver
ADDED from [com.google.firebase:firebase-iid:9.0.0] AndroidManifest.xml:45:9-47:40
	android:exported
		ADDED from [com.google.firebase:firebase-iid:9.0.0] AndroidManifest.xml:47:13-37
	android:name
		ADDED from [com.google.firebase:firebase-iid:9.0.0] AndroidManifest.xml:46:13-86
service#com.google.firebase.iid.FirebaseInstanceIdService
ADDED from [com.google.firebase:firebase-iid:9.0.0] AndroidManifest.xml:51:9-57:19
	android:exported
		ADDED from [com.google.firebase:firebase-iid:9.0.0] AndroidManifest.xml:53:13-36
	android:name
		ADDED from [com.google.firebase:firebase-iid:9.0.0] AndroidManifest.xml:52:13-77
intent-filter#com.google.firebase.INSTANCE_ID_EVENT
ADDED from [com.google.firebase:firebase-iid:9.0.0] AndroidManifest.xml:54:13-56:29
	android:priority
		ADDED from [com.google.firebase:firebase-iid:9.0.0] AndroidManifest.xml:54:28-51
action#com.google.firebase.INSTANCE_ID_EVENT
ADDED from [com.google.firebase:firebase-iid:9.0.0] AndroidManifest.xml:55:17-80
	android:name
		ADDED from [com.google.firebase:firebase-iid:9.0.0] AndroidManifest.xml:55:25-77
provider#com.google.firebase.provider.FirebaseInitProvider
ADDED from [com.google.firebase:firebase-common:9.0.0] AndroidManifest.xml:7:9-11:39
	android:authorities
		ADDED from [com.google.firebase:firebase-common:9.0.0] AndroidManifest.xml:8:13-72
	android:exported
		ADDED from [com.google.firebase:firebase-common:9.0.0] AndroidManifest.xml:10:13-37
	android:initOrder
		ADDED from [com.google.firebase:firebase-common:9.0.0] AndroidManifest.xml:11:13-36
	android:name
		ADDED from [com.google.firebase:firebase-common:9.0.0] AndroidManifest.xml:9:13-58
meta-data#com.google.android.gms.version
ADDED from [com.google.android.gms:play-services-basement:9.0.0] AndroidManifest.xml:21:9-23:69
	android:value
		ADDED from [com.google.android.gms:play-services-basement:9.0.0] AndroidManifest.xml:23:13-66
	android:name
		ADDED from [com.google.android.gms:play-services-basement:9.0.0] AndroidManifest.xml:22:13-58